<?xml version="1.0" encoding="UTF-8"?>
<!-- Generated by org.testng.reporters.JUnitXMLReporter -->
<testsuite ignored="0" hostname="Jagadeep" failures="0" tests="5" name="Test" time="10.025" errors="0" timestamp="2026-04-21T09:37:54 IST">
  <testcase classname="TestingXMLDemo.DataProviderDemo" name="search" time="0.184"/>
  <testcase classname="TestingXMLDemo.DataProviderDemo" name="search" time="0.25"/>
  <testcase classname="TestingXMLDemo.DemoBlazeDemo" name="loginPasswordInvalid" time="1.769"/>
  <testcase classname="TestingXMLDemo.DemoBlazeDemo" name="loginPasswordInvalid" time="1.646"/>
  <testcase classname="TestingXMLDemo.DemoBlazeDemo" name="login" time="4.884"/>
</testsuite> <!-- Test -->
