<?xml version="1.0" encoding="UTF-8"?>
<testng-results ignored="0" total="5" passed="5" failed="0" skipped="0">
  <reporter-output>
  </reporter-output>
  <suite started-at="2026-04-21T09:37:44 IST" name="Suite" finished-at="2026-04-21T09:37:54 IST" duration-ms="10025">
    <groups>
    </groups>
    <test started-at="2026-04-21T09:37:44 IST" name="Test" finished-at="2026-04-21T09:37:54 IST" duration-ms="10025">
      <class name="TestingXMLDemo.DataProviderDemo">
        <test-method is-config="true" signature="setUp()[pri:0, instance:TestingXMLDemo.DataProviderDemo@1a677343]" started-at="2026-04-21T09:37:44 IST" name="setUp" finished-at="2026-04-21T09:37:48 IST" duration-ms="3747" status="PASS">
          <reporter-output>
          </reporter-output>
        </test-method> <!-- setUp -->
        <test-method is-config="true" signature="setUp()[pri:0, instance:TestingXMLDemo.DataProviderDemo@1a677343]" started-at="2026-04-21T09:37:44 IST" name="setUp" finished-at="2026-04-21T09:37:48 IST" duration-ms="4594" status="PASS">
          <reporter-output>
          </reporter-output>
        </test-method> <!-- setUp -->
        <test-method signature="search(java.lang.String)[pri:0, instance:TestingXMLDemo.DataProviderDemo@1a677343]" started-at="2026-04-21T09:37:48 IST" name="search" data-provider="testdata" finished-at="2026-04-21T09:37:48 IST" duration-ms="184" status="PASS">
          <params>
            <param index="0">
              <value>
                <![CDATA[TestNG]]>
              </value>
            </param>
          </params>
          <reporter-output>
          </reporter-output>
        </test-method> <!-- search -->
        <test-method is-config="true" signature="tearDown()[pri:0, instance:TestingXMLDemo.DataProviderDemo@1a677343]" started-at="2026-04-21T09:37:48 IST" name="tearDown" finished-at="2026-04-21T09:37:48 IST" duration-ms="220" status="PASS">
          <reporter-output>
          </reporter-output>
        </test-method> <!-- tearDown -->
        <test-method signature="search(java.lang.String)[pri:0, instance:TestingXMLDemo.DataProviderDemo@1a677343]" started-at="2026-04-21T09:37:48 IST" name="search" data-provider="testdata" finished-at="2026-04-21T09:37:49 IST" duration-ms="250" status="PASS">
          <params>
            <param index="0">
              <value>
                <![CDATA[Selenium]]>
              </value>
            </param>
          </params>
          <reporter-output>
          </reporter-output>
        </test-method> <!-- search -->
        <test-method is-config="true" signature="tearDown()[pri:0, instance:TestingXMLDemo.DataProviderDemo@1a677343]" started-at="2026-04-21T09:37:49 IST" name="tearDown" finished-at="2026-04-21T09:37:49 IST" duration-ms="264" status="PASS">
          <reporter-output>
          </reporter-output>
        </test-method> <!-- tearDown -->
      </class> <!-- TestingXMLDemo.DataProviderDemo -->
      <class name="TestingXMLDemo.DemoBlazeDemo">
        <test-method is-config="true" signature="beforeMethod(java.lang.String,java.lang.String)[pri:0, instance:TestingXMLDemo.DemoBlazeDemo@776aec5c]" started-at="2026-04-21T09:37:44 IST" name="beforeMethod" finished-at="2026-04-21T09:37:49 IST" duration-ms="5011" status="PASS">
          <params>
            <param index="0">
              <value>
                <![CDATA[chrome]]>
              </value>
            </param>
            <param index="1">
              <value>
                <![CDATA[https://www.demoblaze.com/]]>
              </value>
            </param>
          </params>
          <reporter-output>
          </reporter-output>
        </test-method> <!-- beforeMethod -->
        <test-method is-config="true" signature="beforeMethod(java.lang.String,java.lang.String)[pri:0, instance:TestingXMLDemo.DemoBlazeDemo@776aec5c]" started-at="2026-04-21T09:37:44 IST" name="beforeMethod" finished-at="2026-04-21T09:37:50 IST" duration-ms="6275" status="PASS">
          <params>
            <param index="0">
              <value>
                <![CDATA[chrome]]>
              </value>
            </param>
            <param index="1">
              <value>
                <![CDATA[https://www.demoblaze.com/]]>
              </value>
            </param>
          </params>
          <reporter-output>
          </reporter-output>
        </test-method> <!-- beforeMethod -->
        <test-method is-config="true" signature="beforeMethod(java.lang.String,java.lang.String)[pri:0, instance:TestingXMLDemo.DemoBlazeDemo@776aec5c]" started-at="2026-04-21T09:37:44 IST" name="beforeMethod" finished-at="2026-04-21T09:37:49 IST" duration-ms="4894" status="PASS">
          <params>
            <param index="0">
              <value>
                <![CDATA[chrome]]>
              </value>
            </param>
            <param index="1">
              <value>
                <![CDATA[https://www.demoblaze.com/]]>
              </value>
            </param>
          </params>
          <reporter-output>
          </reporter-output>
        </test-method> <!-- beforeMethod -->
        <test-method signature="login(java.lang.String,java.lang.String)[pri:0, instance:TestingXMLDemo.DemoBlazeDemo@776aec5c]" started-at="2026-04-21T09:37:49 IST" name="login" finished-at="2026-04-21T09:37:54 IST" duration-ms="4884" status="PASS">
          <params>
            <param index="0">
              <value>
                <![CDATA[anandkumar@gmail.com]]>
              </value>
            </param>
            <param index="1">
              <value>
                <![CDATA[Anandkumar@123]]>
              </value>
            </param>
          </params>
          <reporter-output>
          </reporter-output>
        </test-method> <!-- login -->
        <test-method signature="loginPasswordInvalid(java.lang.String,java.lang.String)[pri:0, instance:TestingXMLDemo.DemoBlazeDemo@776aec5c]" started-at="2026-04-21T09:37:49 IST" name="loginPasswordInvalid" data-provider="testdata" finished-at="2026-04-21T09:37:51 IST" duration-ms="1769" status="PASS">
          <params>
            <param index="0">
              <value>
                <![CDATA[anandkumar@gmail.com]]>
              </value>
            </param>
            <param index="1">
              <value>
                <![CDATA[Anandkumar@1234]]>
              </value>
            </param>
          </params>
          <reporter-output>
          </reporter-output>
        </test-method> <!-- loginPasswordInvalid -->
        <test-method signature="loginPasswordInvalid(java.lang.String,java.lang.String)[pri:0, instance:TestingXMLDemo.DemoBlazeDemo@776aec5c]" started-at="2026-04-21T09:37:50 IST" name="loginPasswordInvalid" data-provider="testdata" finished-at="2026-04-21T09:37:52 IST" duration-ms="1646" status="PASS">
          <params>
            <param index="0">
              <value>
                <![CDATA[aanandkumar@gmail.com]]>
              </value>
            </param>
            <param index="1">
              <value>
                <![CDATA[Anandkumar@123]]>
              </value>
            </param>
          </params>
          <reporter-output>
          </reporter-output>
        </test-method> <!-- loginPasswordInvalid -->
        <test-method is-config="true" signature="afterMethod()[pri:0, instance:TestingXMLDemo.DemoBlazeDemo@776aec5c]" started-at="2026-04-21T09:37:51 IST" name="afterMethod" finished-at="2026-04-21T09:37:51 IST" duration-ms="250" status="PASS">
          <reporter-output>
          </reporter-output>
        </test-method> <!-- afterMethod -->
        <test-method is-config="true" signature="afterMethod()[pri:0, instance:TestingXMLDemo.DemoBlazeDemo@776aec5c]" started-at="2026-04-21T09:37:52 IST" name="afterMethod" finished-at="2026-04-21T09:37:52 IST" duration-ms="196" status="PASS">
          <reporter-output>
          </reporter-output>
        </test-method> <!-- afterMethod -->
        <test-method is-config="true" signature="afterMethod()[pri:0, instance:TestingXMLDemo.DemoBlazeDemo@776aec5c]" started-at="2026-04-21T09:37:54 IST" name="afterMethod" finished-at="2026-04-21T09:37:54 IST" duration-ms="205" status="PASS">
          <reporter-output>
          </reporter-output>
        </test-method> <!-- afterMethod -->
      </class> <!-- TestingXMLDemo.DemoBlazeDemo -->
    </test> <!-- Test -->
  </suite> <!-- Suite -->
</testng-results>
