<?xml version="1.0" encoding="UTF-8"?>
<!-- Generated by org.testng.reporters.JUnitReportReporter -->
<testsuite hostname="Jagadeep" failures="0" tests="5" name="com.QaFoxDemo.QaFoxDemo" time="23.413" errors="0" timestamp="2026-04-21T23:15:02 IST" skipped="0">
  <testcase classname="com.QaFoxDemo.QaFoxDemo" name="invalidLogin" time="5.520"/>
  <testcase classname="com.QaFoxDemo.QaFoxDemo" name="invalidSearchKeyword" time="2.909"/>
  <testcase classname="com.QaFoxDemo.QaFoxDemo" name="validLogin" time="4.884"/>
  <testcase classname="com.QaFoxDemo.QaFoxDemo" name="validSearchKeyword" time="5.415"/>
  <testcase classname="com.QaFoxDemo.QaFoxDemo" name="invalidLogin" time="4.685"/>
</testsuite> <!-- com.QaFoxDemo.QaFoxDemo -->
