<?xml version="1.0" encoding="UTF-8"?>
<testng-results ignored="0" total="5" passed="5" failed="0" skipped="0">
  <reporter-output>
  </reporter-output>
  <suite started-at="2026-04-21T23:14:43 IST" name="Suite" finished-at="2026-04-21T23:15:02 IST" duration-ms="18968">
    <groups>
    </groups>
    <test started-at="2026-04-21T23:14:43 IST" name="Test" finished-at="2026-04-21T23:15:02 IST" duration-ms="18968">
      <class name="com.QaFoxDemo.QaFoxDemo">
        <test-method is-config="true" signature="beforeMethod(java.lang.String,java.lang.String)[pri:0, instance:com.QaFoxDemo.QaFoxDemo@515c6049]" started-at="2026-04-21T23:14:44 IST" name="beforeMethod" finished-at="2026-04-21T23:14:47 IST" duration-ms="3262" status="PASS">
          <params>
            <param index="0">
              <value>
                <![CDATA[chrome]]>
              </value>
            </param>
            <param index="1">
              <value>
                <![CDATA[https://tutorialsninja.com/demo/]]>
              </value>
            </param>
          </params>
          <reporter-output>
          </reporter-output>
        </test-method> <!-- beforeMethod -->
        <test-method is-config="true" signature="beforeMethod(java.lang.String,java.lang.String)[pri:0, instance:com.QaFoxDemo.QaFoxDemo@515c6049]" started-at="2026-04-21T23:14:44 IST" name="beforeMethod" finished-at="2026-04-21T23:14:48 IST" duration-ms="3644" status="PASS">
          <params>
            <param index="0">
              <value>
                <![CDATA[chrome]]>
              </value>
            </param>
            <param index="1">
              <value>
                <![CDATA[https://tutorialsninja.com/demo/]]>
              </value>
            </param>
          </params>
          <reporter-output>
          </reporter-output>
        </test-method> <!-- beforeMethod -->
        <test-method signature="invalidLogin(java.lang.String,java.lang.String)[pri:0, instance:com.QaFoxDemo.QaFoxDemo@515c6049]" started-at="2026-04-21T23:14:47 IST" name="invalidLogin" data-provider="invalidData" finished-at="2026-04-21T23:14:49 IST" duration-ms="1904" status="PASS">
          <params>
            <param index="0">
              <value>
                <![CDATA[hlm@gmail.com]]>
              </value>
            </param>
            <param index="1">
              <value>
                <![CDATA[admin]]>
              </value>
            </param>
          </params>
          <reporter-output>
          </reporter-output>
        </test-method> <!-- invalidLogin -->
        <test-method signature="invalidLogin(java.lang.String,java.lang.String)[pri:0, instance:com.QaFoxDemo.QaFoxDemo@515c6049]" started-at="2026-04-21T23:14:48 IST" name="invalidLogin" data-provider="invalidData" finished-at="2026-04-21T23:14:50 IST" duration-ms="2111" status="PASS">
          <params>
            <param index="0">
              <value>
                <![CDATA[hl@gmail.com]]>
              </value>
            </param>
            <param index="1">
              <value>
                <![CDATA[aadmin]]>
              </value>
            </param>
          </params>
          <reporter-output>
          </reporter-output>
        </test-method> <!-- invalidLogin -->
        <test-method is-config="true" signature="afterMethod()[pri:0, instance:com.QaFoxDemo.QaFoxDemo@515c6049]" started-at="2026-04-21T23:14:49 IST" name="afterMethod" finished-at="2026-04-21T23:14:50 IST" duration-ms="354" status="PASS">
          <reporter-output>
          </reporter-output>
        </test-method> <!-- afterMethod -->
        <test-method is-config="true" signature="afterMethod()[pri:0, instance:com.QaFoxDemo.QaFoxDemo@515c6049]" started-at="2026-04-21T23:14:50 IST" name="afterMethod" finished-at="2026-04-21T23:14:50 IST" duration-ms="265" status="PASS">
          <reporter-output>
          </reporter-output>
        </test-method> <!-- afterMethod -->
        <test-method is-config="true" signature="beforeMethod(java.lang.String,java.lang.String)[pri:0, instance:com.QaFoxDemo.QaFoxDemo@515c6049]" started-at="2026-04-21T23:14:50 IST" name="beforeMethod" finished-at="2026-04-21T23:14:52 IST" duration-ms="2174" status="PASS">
          <params>
            <param index="0">
              <value>
                <![CDATA[chrome]]>
              </value>
            </param>
            <param index="1">
              <value>
                <![CDATA[https://tutorialsninja.com/demo/]]>
              </value>
            </param>
          </params>
          <reporter-output>
          </reporter-output>
        </test-method> <!-- beforeMethod -->
        <test-method signature="invalidSearchKeyword(java.lang.String)[pri:0, instance:com.QaFoxDemo.QaFoxDemo@515c6049]" started-at="2026-04-21T23:14:52 IST" name="invalidSearchKeyword" finished-at="2026-04-21T23:14:53 IST" duration-ms="502" status="PASS">
          <params>
            <param index="0">
              <value>
                <![CDATA[kiot]]>
              </value>
            </param>
          </params>
          <reporter-output>
          </reporter-output>
        </test-method> <!-- invalidSearchKeyword -->
        <test-method is-config="true" signature="afterMethod()[pri:0, instance:com.QaFoxDemo.QaFoxDemo@515c6049]" started-at="2026-04-21T23:14:53 IST" name="afterMethod" finished-at="2026-04-21T23:14:53 IST" duration-ms="237" status="PASS">
          <reporter-output>
          </reporter-output>
        </test-method> <!-- afterMethod -->
        <test-method is-config="true" signature="beforeMethod(java.lang.String,java.lang.String)[pri:0, instance:com.QaFoxDemo.QaFoxDemo@515c6049]" started-at="2026-04-21T23:14:53 IST" name="beforeMethod" finished-at="2026-04-21T23:14:56 IST" duration-ms="2337" status="PASS">
          <params>
            <param index="0">
              <value>
                <![CDATA[chrome]]>
              </value>
            </param>
            <param index="1">
              <value>
                <![CDATA[https://tutorialsninja.com/demo/]]>
              </value>
            </param>
          </params>
          <reporter-output>
          </reporter-output>
        </test-method> <!-- beforeMethod -->
        <test-method signature="validLogin(java.lang.String,java.lang.String)[pri:0, instance:com.QaFoxDemo.QaFoxDemo@515c6049]" started-at="2026-04-21T23:14:56 IST" name="validLogin" data-provider="validData" finished-at="2026-04-21T23:14:58 IST" duration-ms="2520" status="PASS">
          <params>
            <param index="0">
              <value>
                <![CDATA[hl@gmail.com]]>
              </value>
            </param>
            <param index="1">
              <value>
                <![CDATA[admin]]>
              </value>
            </param>
          </params>
          <reporter-output>
          </reporter-output>
        </test-method> <!-- validLogin -->
        <test-method is-config="true" signature="afterMethod()[pri:0, instance:com.QaFoxDemo.QaFoxDemo@515c6049]" started-at="2026-04-21T23:14:58 IST" name="afterMethod" finished-at="2026-04-21T23:14:58 IST" duration-ms="191" status="PASS">
          <reporter-output>
          </reporter-output>
        </test-method> <!-- afterMethod -->
        <test-method is-config="true" signature="beforeMethod(java.lang.String,java.lang.String)[pri:0, instance:com.QaFoxDemo.QaFoxDemo@515c6049]" started-at="2026-04-21T23:14:58 IST" name="beforeMethod" finished-at="2026-04-21T23:15:00 IST" duration-ms="2142" status="PASS">
          <params>
            <param index="0">
              <value>
                <![CDATA[chrome]]>
              </value>
            </param>
            <param index="1">
              <value>
                <![CDATA[https://tutorialsninja.com/demo/]]>
              </value>
            </param>
          </params>
          <reporter-output>
          </reporter-output>
        </test-method> <!-- beforeMethod -->
        <test-method signature="validSearchKeyword(java.lang.String)[pri:0, instance:com.QaFoxDemo.QaFoxDemo@515c6049]" started-at="2026-04-21T23:15:00 IST" name="validSearchKeyword" finished-at="2026-04-21T23:15:02 IST" duration-ms="1580" status="PASS">
          <params>
            <param index="0">
              <value>
                <![CDATA[mac]]>
              </value>
            </param>
          </params>
          <reporter-output>
          </reporter-output>
        </test-method> <!-- validSearchKeyword -->
        <test-method is-config="true" signature="afterMethod()[pri:0, instance:com.QaFoxDemo.QaFoxDemo@515c6049]" started-at="2026-04-21T23:15:02 IST" name="afterMethod" finished-at="2026-04-21T23:15:02 IST" duration-ms="190" status="PASS">
          <reporter-output>
          </reporter-output>
        </test-method> <!-- afterMethod -->
      </class> <!-- com.QaFoxDemo.QaFoxDemo -->
    </test> <!-- Test -->
  </suite> <!-- Suite -->
</testng-results>
