<?xml version="1.0" encoding="UTF-8"?>
<!-- Generated by org.testng.reporters.JUnitReportReporter -->
<testsuite hostname="Jagadeep" failures="0" tests="3" name="TestingXMLDemo.DemoBlazeDemo" time="25.130" errors="0" timestamp="2026-04-21T09:37:54 IST" skipped="0">
  <testcase classname="TestingXMLDemo.DemoBlazeDemo" name="loginPasswordInvalid" time="6.985"/>
  <testcase classname="TestingXMLDemo.DemoBlazeDemo" name="loginPasswordInvalid" time="8.171"/>
  <testcase classname="TestingXMLDemo.DemoBlazeDemo" name="login" time="9.974"/>
</testsuite> <!-- TestingXMLDemo.DemoBlazeDemo -->
