<?xml version="1.0" encoding="UTF-8"?>
<!-- Generated by org.testng.reporters.JUnitXMLReporter -->
<testsuite ignored="0" hostname="Jagadeep" failures="0" tests="5" name="Test" time="18.968" errors="0" timestamp="2026-04-21T23:15:02 IST">
  <testcase classname="com.QaFoxDemo.QaFoxDemo" name="invalidLogin" time="1.904"/>
  <testcase classname="com.QaFoxDemo.QaFoxDemo" name="invalidLogin" time="2.111"/>
  <testcase classname="com.QaFoxDemo.QaFoxDemo" name="invalidSearchKeyword" time="0.502"/>
  <testcase classname="com.QaFoxDemo.QaFoxDemo" name="validLogin" time="2.52"/>
  <testcase classname="com.QaFoxDemo.QaFoxDemo" name="validSearchKeyword" time="1.58"/>
</testsuite> <!-- Test -->
